{
  "RSpec": {
    "coverage": {
      "/Users/kobaltz/OneDrive/Drifting Ruby/Rails/104-speeding-up-tests/spec/controllers/users_controller_spec.rb": [
        1,
        null,
        1,
        1,
        1,
        1,
        1,
        null,
        null,
        null,
        1,
        1,
        1,
        1,
        1,
        null,
        null,
        null
      ],
      "/Users/kobaltz/OneDrive/Drifting Ruby/Rails/104-speeding-up-tests/spec/rails_helper.rb": [
        1,
        1,
        1,
        1,
        1,
        1,
        null,
        3,
        null,
        1,
        null,
        1,
        1,
        1,
        1,
        1,
        null,
        null,
        null,
        null,
        null,
        null,
        null,
        null,
        null,
        1
      ],
      "/Users/kobaltz/OneDrive/Drifting Ruby/Rails/104-speeding-up-tests/config/environment.rb": [
        null,
        1,
        null,
        null,
        1
      ],
      "/Users/kobaltz/OneDrive/Drifting Ruby/Rails/104-speeding-up-tests/config/application.rb": [
        1,
        null,
        1,
        null,
        1,
        1,
        1,
        1,
        1,
        1,
        1,
        1,
        null,
        null,
        null,
        null,
        1,
        null,
        1,
        1,
        null,
        1,
        null,
        null,
        null,
        null,
        null,
        null,
        1,
        null,
        null
      ],
      "/Users/kobaltz/OneDrive/Drifting Ruby/Rails/104-speeding-up-tests/config/boot.rb": [
        1,
        null,
        1
      ],
      "/Users/kobaltz/OneDrive/Drifting Ruby/Rails/104-speeding-up-tests/config/environments/test.rb": [
        1,
        null,
        null,
        null,
        null,
        null,
        null,
        1,
        null,
        null,
        null,
        null,
        1,
        null,
        null,
        1,
        1,
        null,
        null,
        null,
        null,
        1,
        1,
        null,
        null,
        1,
        null,
        null,
        1,
        1,
        null,
        null,
        null,
        null,
        1,
        null,
        null,
        1,
        null,
        null,
        null,
        null
      ],
      "/Users/kobaltz/OneDrive/Drifting Ruby/Rails/104-speeding-up-tests/config/initializers/application_controller_renderer.rb": [
        null,
        null,
        null,
        null,
        null,
        null,
        null,
        null
      ],
      "/Users/kobaltz/OneDrive/Drifting Ruby/Rails/104-speeding-up-tests/config/initializers/assets.rb": [
        null,
        null,
        null,
        1,
        null,
        null,
        null,
        null,
        1,
        null,
        null,
        null,
        null,
        null
      ],
      "/Users/kobaltz/OneDrive/Drifting Ruby/Rails/104-speeding-up-tests/config/initializers/backtrace_silencers.rb": [
        null,
        null,
        null,
        null,
        null,
        null,
        null
      ],
      "/Users/kobaltz/OneDrive/Drifting Ruby/Rails/104-speeding-up-tests/config/initializers/cookies_serializer.rb": [
        null,
        null,
        null,
        null,
        1
      ],
      "/Users/kobaltz/OneDrive/Drifting Ruby/Rails/104-speeding-up-tests/config/initializers/filter_parameter_logging.rb": [
        null,
        null,
        null,
        1
      ],
      "/Users/kobaltz/OneDrive/Drifting Ruby/Rails/104-speeding-up-tests/config/initializers/inflections.rb": [
        null,
        null,
        null,
        null,
        null,
        null,
        null,
        null,
        null,
        null,
        null,
        null,
        null,
        null,
        null,
        null
      ],
      "/Users/kobaltz/OneDrive/Drifting Ruby/Rails/104-speeding-up-tests/config/initializers/mime_types.rb": [
        null,
        null,
        null,
        null
      ],
      "/Users/kobaltz/OneDrive/Drifting Ruby/Rails/104-speeding-up-tests/config/initializers/wrap_parameters.rb": [
        null,
        null,
        null,
        null,
        null,
        null,
        1,
        2,
        null,
        null,
        null,
        null,
        null,
        null
      ],
      "/Users/kobaltz/OneDrive/Drifting Ruby/Rails/104-speeding-up-tests/spec/factories/users.rb": [
        1,
        1,
        1,
        1,
        1,
        1,
        null,
        null,
        1,
        11,
        15,
        15,
        1,
        null,
        null
      ],
      "/Users/kobaltz/OneDrive/Drifting Ruby/Rails/104-speeding-up-tests/app/models/user.rb": [
        null,
        null,
        null,
        null,
        null,
        null,
        null,
        null,
        null,
        null,
        null,
        null,
        null,
        1,
        2,
        2,
        1,
        1,
        1,
        null
      ],
      "/Users/kobaltz/OneDrive/Drifting Ruby/Rails/104-speeding-up-tests/app/models/application_record.rb": [
        1,
        1,
        null
      ],
      "/Users/kobaltz/OneDrive/Drifting Ruby/Rails/104-speeding-up-tests/config/routes.rb": [
        1,
        1,
        1,
        null
      ],
      "/Users/kobaltz/OneDrive/Drifting Ruby/Rails/104-speeding-up-tests/app/helpers/application_helper.rb": [
        1,
        null
      ],
      "/Users/kobaltz/OneDrive/Drifting Ruby/Rails/104-speeding-up-tests/app/helpers/users_helper.rb": [
        1,
        null
      ],
      "/Users/kobaltz/OneDrive/Drifting Ruby/Rails/104-speeding-up-tests/spec/support/databaser_cleaner.rb": [
        1,
        null,
        1,
        1,
        null,
        null,
        1,
        13,
        null,
        null,
        1,
        5,
        null,
        null,
        1,
        13,
        null,
        null,
        1,
        13,
        null,
        null,
        null
      ],
      "/Users/kobaltz/OneDrive/Drifting Ruby/Rails/104-speeding-up-tests/spec/support/factory_bot.rb": [
        1,
        1,
        null
      ],
      "/Users/kobaltz/OneDrive/Drifting Ruby/Rails/104-speeding-up-tests/app/controllers/users_controller.rb": [
        1,
        1,
        null,
        null,
        null,
        1,
        3,
        null,
        null,
        null,
        null,
        1,
        null,
        null,
        null,
        1,
        2,
        null,
        null,
        null,
        1,
        null,
        null,
        null,
        null,
        1,
        2,
        null,
        2,
        2,
        2,
        1,
        null,
        2,
        1,
        null,
        null,
        null,
        null,
        null,
        null,
        1,
        2,
        2,
        2,
        1,
        null,
        2,
        1,
        null,
        null,
        null,
        null,
        null,
        null,
        1,
        1,
        1,
        2,
        1,
        null,
        null,
        null,
        1,
        null,
        1,
        8,
        null,
        null,
        null,
        1,
        4,
        null,
        null
      ],
      "/Users/kobaltz/OneDrive/Drifting Ruby/Rails/104-speeding-up-tests/app/controllers/application_controller.rb": [
        1,
        1,
        null
      ],
      "/Users/kobaltz/OneDrive/Drifting Ruby/Rails/104-speeding-up-tests/spec/features/users_spec.rb": [
        1,
        null,
        1,
        1,
        1,
        2,
        2,
        2,
        2,
        null,
        null,
        null,
        1,
        1,
        1,
        null,
        1,
        1,
        null,
        null,
        1,
        1,
        1,
        null,
        null,
        null,
        1,
        1,
        1,
        1,
        1,
        1,
        1,
        null,
        1,
        1,
        1,
        null,
        null,
        1,
        1,
        1,
        1,
        1,
        null,
        1,
        1,
        null,
        null,
        null,
        null,
        1,
        1,
        1,
        1,
        null,
        1,
        1,
        null,
        1,
        null,
        null,
        null
      ],
      "/Users/kobaltz/OneDrive/Drifting Ruby/Rails/104-speeding-up-tests/spec/models/user_spec.rb": [
        null,
        null,
        null,
        null,
        null,
        null,
        null,
        null,
        null,
        null,
        null,
        null,
        null,
        1,
        null,
        1,
        1,
        5,
        null,
        1,
        1,
        null,
        1,
        1,
        null,
        null,
        1,
        null,
        1,
        1,
        null,
        null,
        1,
        1,
        null,
        1,
        null,
        null,
        1,
        null,
        1,
        null,
        null,
        null,
        1,
        null,
        null,
        null,
        null,
        null,
        null,
        null,
        null,
        3,
        1,
        6,
        null,
        1,
        1,
        null,
        null,
        1,
        1,
        null,
        null,
        null
      ]
    },
    "timestamp": 1509931472
  },
  "(3/8)": {
    "coverage": {
      "/Users/kobaltz/OneDrive/Drifting Ruby/Rails/104-speeding-up-tests/spec/controllers/users_controller_spec.rb": [
        1,
        null,
        1,
        1,
        1,
        1,
        1,
        null,
        null,
        null,
        1,
        1,
        1,
        1,
        1,
        null,
        null,
        null
      ],
      "/Users/kobaltz/OneDrive/Drifting Ruby/Rails/104-speeding-up-tests/spec/rails_helper.rb": [
        1,
        1,
        1,
        1,
        1,
        1,
        null,
        3,
        null,
        1,
        null,
        1,
        1,
        1,
        1,
        1,
        null,
        null,
        null,
        null,
        null,
        null,
        null,
        null,
        null,
        1
      ],
      "/Users/kobaltz/OneDrive/Drifting Ruby/Rails/104-speeding-up-tests/config/environment.rb": [
        null,
        1,
        null,
        null,
        1
      ],
      "/Users/kobaltz/OneDrive/Drifting Ruby/Rails/104-speeding-up-tests/config/application.rb": [
        1,
        null,
        1,
        null,
        1,
        1,
        1,
        1,
        1,
        1,
        1,
        1,
        null,
        null,
        null,
        null,
        1,
        null,
        1,
        1,
        null,
        1,
        null,
        null,
        null,
        null,
        null,
        null,
        1,
        null,
        null
      ],
      "/Users/kobaltz/OneDrive/Drifting Ruby/Rails/104-speeding-up-tests/config/boot.rb": [
        1,
        null,
        1
      ],
      "/Users/kobaltz/OneDrive/Drifting Ruby/Rails/104-speeding-up-tests/config/environments/test.rb": [
        1,
        null,
        null,
        null,
        null,
        null,
        null,
        1,
        null,
        null,
        null,
        null,
        1,
        null,
        null,
        1,
        1,
        null,
        null,
        null,
        null,
        1,
        1,
        null,
        null,
        1,
        null,
        null,
        1,
        1,
        null,
        null,
        null,
        null,
        1,
        null,
        null,
        1,
        null,
        null,
        null,
        null
      ],
      "/Users/kobaltz/OneDrive/Drifting Ruby/Rails/104-speeding-up-tests/config/initializers/application_controller_renderer.rb": [
        null,
        null,
        null,
        null,
        null,
        null,
        null,
        null
      ],
      "/Users/kobaltz/OneDrive/Drifting Ruby/Rails/104-speeding-up-tests/config/initializers/assets.rb": [
        null,
        null,
        null,
        1,
        null,
        null,
        null,
        null,
        1,
        null,
        null,
        null,
        null,
        null
      ],
      "/Users/kobaltz/OneDrive/Drifting Ruby/Rails/104-speeding-up-tests/config/initializers/backtrace_silencers.rb": [
        null,
        null,
        null,
        null,
        null,
        null,
        null
      ],
      "/Users/kobaltz/OneDrive/Drifting Ruby/Rails/104-speeding-up-tests/config/initializers/cookies_serializer.rb": [
        null,
        null,
        null,
        null,
        1
      ],
      "/Users/kobaltz/OneDrive/Drifting Ruby/Rails/104-speeding-up-tests/config/initializers/filter_parameter_logging.rb": [
        null,
        null,
        null,
        1
      ],
      "/Users/kobaltz/OneDrive/Drifting Ruby/Rails/104-speeding-up-tests/config/initializers/inflections.rb": [
        null,
        null,
        null,
        null,
        null,
        null,
        null,
        null,
        null,
        null,
        null,
        null,
        null,
        null,
        null,
        null
      ],
      "/Users/kobaltz/OneDrive/Drifting Ruby/Rails/104-speeding-up-tests/config/initializers/mime_types.rb": [
        null,
        null,
        null,
        null
      ],
      "/Users/kobaltz/OneDrive/Drifting Ruby/Rails/104-speeding-up-tests/config/initializers/wrap_parameters.rb": [
        null,
        null,
        null,
        null,
        null,
        null,
        1,
        2,
        null,
        null,
        null,
        null,
        null,
        null
      ],
      "/Users/kobaltz/OneDrive/Drifting Ruby/Rails/104-speeding-up-tests/spec/factories/users.rb": [
        1,
        1,
        1,
        1,
        1,
        1,
        null,
        null,
        1,
        1,
        1,
        1,
        1,
        null,
        null
      ],
      "/Users/kobaltz/OneDrive/Drifting Ruby/Rails/104-speeding-up-tests/app/models/user.rb": [
        null,
        null,
        null,
        null,
        null,
        null,
        null,
        null,
        null,
        null,
        null,
        null,
        null,
        1,
        1,
        1,
        1,
        1,
        1,
        null
      ],
      "/Users/kobaltz/OneDrive/Drifting Ruby/Rails/104-speeding-up-tests/app/models/application_record.rb": [
        1,
        1,
        null
      ],
      "/Users/kobaltz/OneDrive/Drifting Ruby/Rails/104-speeding-up-tests/config/routes.rb": [
        1,
        1,
        1,
        null
      ],
      "/Users/kobaltz/OneDrive/Drifting Ruby/Rails/104-speeding-up-tests/app/helpers/application_helper.rb": [
        1,
        null
      ],
      "/Users/kobaltz/OneDrive/Drifting Ruby/Rails/104-speeding-up-tests/app/helpers/users_helper.rb": [
        1,
        null
      ],
      "/Users/kobaltz/OneDrive/Drifting Ruby/Rails/104-speeding-up-tests/spec/support/databaser_cleaner.rb": [
        1,
        null,
        1,
        1,
        null,
        null,
        1,
        2,
        null,
        null,
        1,
        0,
        null,
        null,
        1,
        2,
        null,
        null,
        1,
        2,
        null,
        null,
        null
      ],
      "/Users/kobaltz/OneDrive/Drifting Ruby/Rails/104-speeding-up-tests/spec/support/factory_bot.rb": [
        1,
        1,
        null
      ],
      "/Users/kobaltz/OneDrive/Drifting Ruby/Rails/104-speeding-up-tests/app/controllers/users_controller.rb": [
        1,
        1,
        null,
        null,
        null,
        1,
        1,
        null,
        null,
        null,
        null,
        1,
        null,
        null,
        null,
        1,
        0,
        null,
        null,
        null,
        1,
        null,
        null,
        null,
        null,
        1,
        0,
        null,
        0,
        0,
        0,
        0,
        null,
        0,
        0,
        null,
        null,
        null,
        null,
        null,
        null,
        1,
        0,
        0,
        0,
        0,
        null,
        0,
        0,
        null,
        null,
        null,
        null,
        null,
        null,
        1,
        0,
        0,
        0,
        0,
        null,
        null,
        null,
        1,
        null,
        1,
        1,
        null,
        null,
        null,
        1,
        0,
        null,
        null
      ],
      "/Users/kobaltz/OneDrive/Drifting Ruby/Rails/104-speeding-up-tests/app/controllers/application_controller.rb": [
        1,
        1,
        null
      ]
    },
    "timestamp": 1509931446
  },
  "(1/8)": {
    "coverage": {
      "/Users/kobaltz/OneDrive/Drifting Ruby/Rails/104-speeding-up-tests/spec/models/user_spec.rb": [
        null,
        null,
        null,
        null,
        null,
        null,
        null,
        null,
        null,
        null,
        null,
        null,
        null,
        1,
        null,
        1,
        1,
        5,
        null,
        1,
        1,
        null,
        1,
        1,
        null,
        null,
        1,
        null,
        1,
        1,
        null,
        null,
        1,
        1,
        null,
        1,
        null,
        null,
        1,
        null,
        1,
        null,
        null,
        null,
        1,
        null,
        null,
        null,
        null,
        null,
        null,
        null,
        null,
        3,
        1,
        6,
        null,
        1,
        1,
        null,
        null,
        1,
        1,
        null,
        null,
        null
      ],
      "/Users/kobaltz/OneDrive/Drifting Ruby/Rails/104-speeding-up-tests/spec/rails_helper.rb": [
        1,
        1,
        1,
        1,
        1,
        1,
        null,
        3,
        null,
        1,
        null,
        1,
        1,
        1,
        1,
        1,
        null,
        null,
        null,
        null,
        null,
        null,
        null,
        null,
        null,
        1
      ],
      "/Users/kobaltz/OneDrive/Drifting Ruby/Rails/104-speeding-up-tests/config/environment.rb": [
        null,
        1,
        null,
        null,
        1
      ],
      "/Users/kobaltz/OneDrive/Drifting Ruby/Rails/104-speeding-up-tests/config/application.rb": [
        1,
        null,
        1,
        null,
        1,
        1,
        1,
        1,
        1,
        1,
        1,
        1,
        null,
        null,
        null,
        null,
        1,
        null,
        1,
        1,
        null,
        1,
        null,
        null,
        null,
        null,
        null,
        null,
        1,
        null,
        null
      ],
      "/Users/kobaltz/OneDrive/Drifting Ruby/Rails/104-speeding-up-tests/config/boot.rb": [
        1,
        null,
        1
      ],
      "/Users/kobaltz/OneDrive/Drifting Ruby/Rails/104-speeding-up-tests/config/environments/test.rb": [
        1,
        null,
        null,
        null,
        null,
        null,
        null,
        1,
        null,
        null,
        null,
        null,
        1,
        null,
        null,
        1,
        1,
        null,
        null,
        null,
        null,
        1,
        1,
        null,
        null,
        1,
        null,
        null,
        1,
        1,
        null,
        null,
        null,
        null,
        1,
        null,
        null,
        1,
        null,
        null,
        null,
        null
      ],
      "/Users/kobaltz/OneDrive/Drifting Ruby/Rails/104-speeding-up-tests/config/initializers/application_controller_renderer.rb": [
        null,
        null,
        null,
        null,
        null,
        null,
        null,
        null
      ],
      "/Users/kobaltz/OneDrive/Drifting Ruby/Rails/104-speeding-up-tests/config/initializers/assets.rb": [
        null,
        null,
        null,
        1,
        null,
        null,
        null,
        null,
        1,
        null,
        null,
        null,
        null,
        null
      ],
      "/Users/kobaltz/OneDrive/Drifting Ruby/Rails/104-speeding-up-tests/config/initializers/backtrace_silencers.rb": [
        null,
        null,
        null,
        null,
        null,
        null,
        null
      ],
      "/Users/kobaltz/OneDrive/Drifting Ruby/Rails/104-speeding-up-tests/config/initializers/cookies_serializer.rb": [
        null,
        null,
        null,
        null,
        1
      ],
      "/Users/kobaltz/OneDrive/Drifting Ruby/Rails/104-speeding-up-tests/config/initializers/filter_parameter_logging.rb": [
        null,
        null,
        null,
        1
      ],
      "/Users/kobaltz/OneDrive/Drifting Ruby/Rails/104-speeding-up-tests/config/initializers/inflections.rb": [
        null,
        null,
        null,
        null,
        null,
        null,
        null,
        null,
        null,
        null,
        null,
        null,
        null,
        null,
        null,
        null
      ],
      "/Users/kobaltz/OneDrive/Drifting Ruby/Rails/104-speeding-up-tests/config/initializers/mime_types.rb": [
        null,
        null,
        null,
        null
      ],
      "/Users/kobaltz/OneDrive/Drifting Ruby/Rails/104-speeding-up-tests/config/initializers/wrap_parameters.rb": [
        null,
        null,
        null,
        null,
        null,
        null,
        1,
        2,
        null,
        null,
        null,
        null,
        null,
        null
      ],
      "/Users/kobaltz/OneDrive/Drifting Ruby/Rails/104-speeding-up-tests/spec/factories/users.rb": [
        1,
        1,
        1,
        1,
        1,
        1,
        null,
        null,
        1,
        11,
        15,
        15,
        1,
        null,
        null
      ],
      "/Users/kobaltz/OneDrive/Drifting Ruby/Rails/104-speeding-up-tests/app/models/user.rb": [
        null,
        null,
        null,
        null,
        null,
        null,
        null,
        null,
        null,
        null,
        null,
        null,
        null,
        1,
        2,
        2,
        1,
        1,
        1,
        null
      ],
      "/Users/kobaltz/OneDrive/Drifting Ruby/Rails/104-speeding-up-tests/app/models/application_record.rb": [
        1,
        1,
        null
      ],
      "/Users/kobaltz/OneDrive/Drifting Ruby/Rails/104-speeding-up-tests/config/routes.rb": [
        1,
        1,
        1,
        null
      ],
      "/Users/kobaltz/OneDrive/Drifting Ruby/Rails/104-speeding-up-tests/app/helpers/application_helper.rb": [
        1,
        null
      ],
      "/Users/kobaltz/OneDrive/Drifting Ruby/Rails/104-speeding-up-tests/app/helpers/users_helper.rb": [
        1,
        null
      ],
      "/Users/kobaltz/OneDrive/Drifting Ruby/Rails/104-speeding-up-tests/spec/support/databaser_cleaner.rb": [
        1,
        null,
        1,
        1,
        null,
        null,
        1,
        6,
        null,
        null,
        1,
        0,
        null,
        null,
        1,
        6,
        null,
        null,
        1,
        6,
        null,
        null,
        null
      ],
      "/Users/kobaltz/OneDrive/Drifting Ruby/Rails/104-speeding-up-tests/spec/support/factory_bot.rb": [
        1,
        1,
        null
      ]
    },
    "timestamp": 1509931446
  },
  "(2/8)": {
    "coverage": {
      "/Users/kobaltz/OneDrive/Drifting Ruby/Rails/104-speeding-up-tests/spec/features/users_spec.rb": [
        1,
        null,
        1,
        1,
        1,
        2,
        2,
        2,
        2,
        null,
        null,
        null,
        1,
        1,
        1,
        null,
        1,
        1,
        null,
        null,
        1,
        1,
        1,
        null,
        null,
        null,
        1,
        1,
        1,
        1,
        1,
        1,
        1,
        null,
        1,
        1,
        1,
        null,
        null,
        1,
        1,
        1,
        1,
        1,
        null,
        1,
        1,
        null,
        null,
        null,
        null,
        1,
        1,
        1,
        1,
        null,
        1,
        1,
        null,
        1,
        null,
        null,
        null
      ],
      "/Users/kobaltz/OneDrive/Drifting Ruby/Rails/104-speeding-up-tests/spec/rails_helper.rb": [
        1,
        1,
        1,
        1,
        1,
        1,
        null,
        3,
        null,
        1,
        null,
        1,
        1,
        1,
        1,
        1,
        null,
        null,
        null,
        null,
        null,
        null,
        null,
        null,
        null,
        1
      ],
      "/Users/kobaltz/OneDrive/Drifting Ruby/Rails/104-speeding-up-tests/config/environment.rb": [
        null,
        1,
        null,
        null,
        1
      ],
      "/Users/kobaltz/OneDrive/Drifting Ruby/Rails/104-speeding-up-tests/config/application.rb": [
        1,
        null,
        1,
        null,
        1,
        1,
        1,
        1,
        1,
        1,
        1,
        1,
        null,
        null,
        null,
        null,
        1,
        null,
        1,
        1,
        null,
        1,
        null,
        null,
        null,
        null,
        null,
        null,
        1,
        null,
        null
      ],
      "/Users/kobaltz/OneDrive/Drifting Ruby/Rails/104-speeding-up-tests/config/boot.rb": [
        1,
        null,
        1
      ],
      "/Users/kobaltz/OneDrive/Drifting Ruby/Rails/104-speeding-up-tests/config/environments/test.rb": [
        1,
        null,
        null,
        null,
        null,
        null,
        null,
        1,
        null,
        null,
        null,
        null,
        1,
        null,
        null,
        1,
        1,
        null,
        null,
        null,
        null,
        1,
        1,
        null,
        null,
        1,
        null,
        null,
        1,
        1,
        null,
        null,
        null,
        null,
        1,
        null,
        null,
        1,
        null,
        null,
        null,
        null
      ],
      "/Users/kobaltz/OneDrive/Drifting Ruby/Rails/104-speeding-up-tests/config/initializers/application_controller_renderer.rb": [
        null,
        null,
        null,
        null,
        null,
        null,
        null,
        null
      ],
      "/Users/kobaltz/OneDrive/Drifting Ruby/Rails/104-speeding-up-tests/config/initializers/assets.rb": [
        null,
        null,
        null,
        1,
        null,
        null,
        null,
        null,
        1,
        null,
        null,
        null,
        null,
        null
      ],
      "/Users/kobaltz/OneDrive/Drifting Ruby/Rails/104-speeding-up-tests/config/initializers/backtrace_silencers.rb": [
        null,
        null,
        null,
        null,
        null,
        null,
        null
      ],
      "/Users/kobaltz/OneDrive/Drifting Ruby/Rails/104-speeding-up-tests/config/initializers/cookies_serializer.rb": [
        null,
        null,
        null,
        null,
        1
      ],
      "/Users/kobaltz/OneDrive/Drifting Ruby/Rails/104-speeding-up-tests/config/initializers/filter_parameter_logging.rb": [
        null,
        null,
        null,
        1
      ],
      "/Users/kobaltz/OneDrive/Drifting Ruby/Rails/104-speeding-up-tests/config/initializers/inflections.rb": [
        null,
        null,
        null,
        null,
        null,
        null,
        null,
        null,
        null,
        null,
        null,
        null,
        null,
        null,
        null,
        null
      ],
      "/Users/kobaltz/OneDrive/Drifting Ruby/Rails/104-speeding-up-tests/config/initializers/mime_types.rb": [
        null,
        null,
        null,
        null
      ],
      "/Users/kobaltz/OneDrive/Drifting Ruby/Rails/104-speeding-up-tests/config/initializers/wrap_parameters.rb": [
        null,
        null,
        null,
        null,
        null,
        null,
        1,
        2,
        null,
        null,
        null,
        null,
        null,
        null
      ],
      "/Users/kobaltz/OneDrive/Drifting Ruby/Rails/104-speeding-up-tests/spec/factories/users.rb": [
        1,
        1,
        1,
        1,
        1,
        1,
        null,
        null,
        1,
        1,
        1,
        1,
        1,
        null,
        null
      ],
      "/Users/kobaltz/OneDrive/Drifting Ruby/Rails/104-speeding-up-tests/app/models/user.rb": [
        null,
        null,
        null,
        null,
        null,
        null,
        null,
        null,
        null,
        null,
        null,
        null,
        null,
        1,
        1,
        1,
        1,
        1,
        1,
        null
      ],
      "/Users/kobaltz/OneDrive/Drifting Ruby/Rails/104-speeding-up-tests/app/models/application_record.rb": [
        1,
        1,
        null
      ],
      "/Users/kobaltz/OneDrive/Drifting Ruby/Rails/104-speeding-up-tests/config/routes.rb": [
        1,
        1,
        1,
        null
      ],
      "/Users/kobaltz/OneDrive/Drifting Ruby/Rails/104-speeding-up-tests/app/helpers/application_helper.rb": [
        1,
        null
      ],
      "/Users/kobaltz/OneDrive/Drifting Ruby/Rails/104-speeding-up-tests/app/helpers/users_helper.rb": [
        1,
        null
      ],
      "/Users/kobaltz/OneDrive/Drifting Ruby/Rails/104-speeding-up-tests/spec/support/databaser_cleaner.rb": [
        1,
        null,
        1,
        1,
        null,
        null,
        1,
        5,
        null,
        null,
        1,
        5,
        null,
        null,
        1,
        5,
        null,
        null,
        1,
        5,
        null,
        null,
        null
      ],
      "/Users/kobaltz/OneDrive/Drifting Ruby/Rails/104-speeding-up-tests/spec/support/factory_bot.rb": [
        1,
        1,
        null
      ],
      "/Users/kobaltz/OneDrive/Drifting Ruby/Rails/104-speeding-up-tests/app/controllers/users_controller.rb": [
        1,
        1,
        null,
        null,
        null,
        1,
        2,
        null,
        null,
        null,
        null,
        1,
        null,
        null,
        null,
        1,
        2,
        null,
        null,
        null,
        1,
        null,
        null,
        null,
        null,
        1,
        2,
        null,
        2,
        2,
        2,
        1,
        null,
        2,
        1,
        null,
        null,
        null,
        null,
        null,
        null,
        1,
        2,
        2,
        2,
        1,
        null,
        2,
        1,
        null,
        null,
        null,
        null,
        null,
        null,
        1,
        1,
        1,
        2,
        1,
        null,
        null,
        null,
        1,
        null,
        1,
        7,
        null,
        null,
        null,
        1,
        4,
        null,
        null
      ],
      "/Users/kobaltz/OneDrive/Drifting Ruby/Rails/104-speeding-up-tests/app/controllers/application_controller.rb": [
        1,
        1,
        null
      ]
    },
    "timestamp": 1509931450
  }
}
