{
  "RSpec": {
    "coverage": {
      "/Users/kobaltz/OneDrive/Drifting Ruby/Rails/template/spec/controllers/users_controller_spec.rb": [
        1,
        null,
        1,
        1,
        1,
        1,
        1,
        null,
        null,
        null,
        1,
        1,
        1,
        1,
        1,
        null,
        null,
        null
      ],
      "/Users/kobaltz/OneDrive/Drifting Ruby/Rails/template/spec/rails_helper.rb": [
        null,
        1,
        1,
        1,
        null,
        1,
        1,
        null,
        null,
        null,
        null,
        null,
        null,
        null,
        null,
        null,
        null,
        null,
        null,
        null,
        null,
        null,
        null,
        null,
        null,
        null,
        1,
        null,
        1,
        null,
        1,
        null,
        null,
        null,
        null,
        1,
        null,
        null,
        null,
        null,
        null,
        null,
        null,
        null,
        null,
        null,
        null,
        null,
        null,
        null,
        1,
        null,
        null,
        1,
        null,
        null,
        null
      ],
      "/Users/kobaltz/OneDrive/Drifting Ruby/Rails/template/config/environment.rb": [
        null,
        1,
        null,
        null,
        1
      ],
      "/Users/kobaltz/OneDrive/Drifting Ruby/Rails/template/config/application.rb": [
        1,
        null,
        1,
        null,
        1,
        1,
        1,
        1,
        1,
        1,
        1,
        1,
        null,
        null,
        null,
        null,
        1,
        null,
        1,
        1,
        null,
        1,
        null,
        null,
        null,
        null,
        null,
        null,
        1,
        null,
        null
      ],
      "/Users/kobaltz/OneDrive/Drifting Ruby/Rails/template/config/boot.rb": [
        1,
        null,
        1
      ],
      "/Users/kobaltz/OneDrive/Drifting Ruby/Rails/template/config/environments/test.rb": [
        1,
        null,
        null,
        null,
        null,
        null,
        null,
        1,
        null,
        null,
        null,
        null,
        1,
        null,
        null,
        1,
        1,
        null,
        null,
        null,
        null,
        1,
        1,
        null,
        null,
        1,
        null,
        null,
        1,
        1,
        null,
        null,
        null,
        null,
        1,
        null,
        null,
        1,
        null,
        null,
        null,
        null
      ],
      "/Users/kobaltz/OneDrive/Drifting Ruby/Rails/template/config/initializers/application_controller_renderer.rb": [
        null,
        null,
        null,
        null,
        null,
        null,
        null,
        null
      ],
      "/Users/kobaltz/OneDrive/Drifting Ruby/Rails/template/config/initializers/assets.rb": [
        null,
        null,
        null,
        1,
        null,
        null,
        null,
        null,
        1,
        null,
        null,
        null,
        null,
        null
      ],
      "/Users/kobaltz/OneDrive/Drifting Ruby/Rails/template/config/initializers/backtrace_silencers.rb": [
        null,
        null,
        null,
        null,
        null,
        null,
        null
      ],
      "/Users/kobaltz/OneDrive/Drifting Ruby/Rails/template/config/initializers/cookies_serializer.rb": [
        null,
        null,
        null,
        null,
        1
      ],
      "/Users/kobaltz/OneDrive/Drifting Ruby/Rails/template/config/initializers/filter_parameter_logging.rb": [
        null,
        null,
        null,
        1
      ],
      "/Users/kobaltz/OneDrive/Drifting Ruby/Rails/template/config/initializers/inflections.rb": [
        null,
        null,
        null,
        null,
        null,
        null,
        null,
        null,
        null,
        null,
        null,
        null,
        null,
        null,
        null,
        null
      ],
      "/Users/kobaltz/OneDrive/Drifting Ruby/Rails/template/config/initializers/mime_types.rb": [
        null,
        null,
        null,
        null
      ],
      "/Users/kobaltz/OneDrive/Drifting Ruby/Rails/template/config/initializers/wrap_parameters.rb": [
        null,
        null,
        null,
        null,
        null,
        null,
        1,
        2,
        null,
        null,
        null,
        null,
        null,
        null
      ],
      "/Users/kobaltz/OneDrive/Drifting Ruby/Rails/template/config/routes.rb": [
        1,
        1,
        null,
        null
      ],
      "/Users/kobaltz/OneDrive/Drifting Ruby/Rails/template/app/helpers/application_helper.rb": [
        1,
        null
      ],
      "/Users/kobaltz/OneDrive/Drifting Ruby/Rails/template/app/helpers/users_helper.rb": [
        1,
        null
      ],
      "/Users/kobaltz/OneDrive/Drifting Ruby/Rails/template/app/controllers/users_controller.rb": [
        1,
        1,
        null,
        null,
        null,
        1,
        1,
        null,
        null,
        null,
        null,
        1,
        null,
        null,
        null,
        1,
        0,
        null,
        null,
        null,
        1,
        null,
        null,
        null,
        null,
        1,
        0,
        null,
        0,
        0,
        0,
        0,
        null,
        0,
        0,
        null,
        null,
        null,
        null,
        null,
        null,
        1,
        0,
        0,
        0,
        0,
        null,
        0,
        0,
        null,
        null,
        null,
        null,
        null,
        null,
        1,
        0,
        0,
        0,
        0,
        null,
        null,
        null,
        1,
        null,
        1,
        1,
        null,
        null,
        null,
        1,
        0,
        null,
        null
      ],
      "/Users/kobaltz/OneDrive/Drifting Ruby/Rails/template/app/controllers/application_controller.rb": [
        1,
        1,
        null
      ],
      "/Users/kobaltz/OneDrive/Drifting Ruby/Rails/template/spec/models/user_spec.rb": [
        null,
        null,
        null,
        null,
        null,
        null,
        null,
        null,
        null,
        null,
        null,
        null,
        null,
        1,
        null,
        1,
        1,
        1,
        1,
        1,
        null,
        null,
        1,
        1,
        1,
        null,
        null,
        1,
        1,
        1,
        null,
        null,
        1,
        1,
        1,
        null,
        null,
        null,
        1,
        3,
        1,
        2,
        2,
        2,
        2,
        2,
        null,
        null,
        1,
        1,
        null,
        null,
        1,
        1,
        null,
        null,
        null
      ],
      "/Users/kobaltz/OneDrive/Drifting Ruby/Rails/template/app/models/user.rb": [
        null,
        null,
        null,
        null,
        null,
        null,
        null,
        null,
        null,
        null,
        null,
        null,
        null,
        1,
        2,
        2,
        1,
        1,
        1,
        null
      ],
      "/Users/kobaltz/OneDrive/Drifting Ruby/Rails/template/app/models/application_record.rb": [
        1,
        1,
        null
      ]
    },
    "timestamp": 1508114334
  }
}
